<?xml version="1.0" encoding="UTF-8"?>
<!-- Generated by org.testng.reporters.JUnitReportReporter -->
<testsuite hostname="LAPTOP-2U3258KH" failures="0" tests="1" name="altershop_testcases.Altershop_assertdetails_testcase" time="2.239" errors="0" timestamp="2024-07-22T14:40:16 IST" skipped="0">
  <testcase classname="altershop_testcases.Altershop_assertdetails_testcase" name="details" time="2.239"/>
</testsuite> <!-- altershop_testcases.Altershop_assertdetails_testcase -->
