<?xml version="1.0" encoding="UTF-8"?>
<!-- Generated by org.testng.reporters.JUnitReportReporter -->
<testsuite hostname="LAPTOP-2U3258KH" failures="0" tests="1" name="altershop_testcases.AlterShop_SearchFunctionality_testcase" time="2.285" errors="0" timestamp="2024-07-22T14:40:16 IST" skipped="0">
  <testcase classname="altershop_testcases.AlterShop_SearchFunctionality_testcase" name="search" time="2.285"/>
</testsuite> <!-- altershop_testcases.AlterShop_SearchFunctionality_testcase -->
